<?xml version="1.0" encoding="UTF-8"?>
<testng-results ignored="0" total="1" passed="1" failed="0" skipped="0">
  <reporter-output>
  </reporter-output>
  <suite started-at="2024-12-22T09:45:35 IST" name="Default suite" finished-at="2024-12-22T09:45:54 IST" duration-ms="19353">
    <groups>
    </groups>
    <test started-at="2024-12-22T09:45:35 IST" name="Default test" finished-at="2024-12-22T09:45:54 IST" duration-ms="19353">
      <class name="test.InputValidation.SeleniumTest">
        <test-method is-config="true" signature="before()[pri:0, instance:test.InputValidation.SeleniumTest@1573f9fc]" started-at="2024-12-22T09:45:35 IST" name="before" finished-at="2024-12-22T09:45:41 IST" duration-ms="6227" status="PASS">
          <reporter-output>
          </reporter-output>
        </test-method> <!-- before -->
        <test-method signature="test()[pri:0, instance:test.InputValidation.SeleniumTest@1573f9fc]" started-at="2024-12-22T09:45:41 IST" name="test" finished-at="2024-12-22T09:45:52 IST" duration-ms="10850" status="PASS">
          <reporter-output>
          </reporter-output>
        </test-method> <!-- test -->
        <test-method is-config="true" signature="after()[pri:0, instance:test.InputValidation.SeleniumTest@1573f9fc]" started-at="2024-12-22T09:45:52 IST" name="after" finished-at="2024-12-22T09:45:54 IST" duration-ms="2212" status="PASS">
          <reporter-output>
          </reporter-output>
        </test-method> <!-- after -->
      </class> <!-- test.InputValidation.SeleniumTest -->
    </test> <!-- Default test -->
  </suite> <!-- Default suite -->
</testng-results>
